<?xml version="1.0" encoding="utf-8" standalone="no"?>
<!--This file represents the results of running a test suite-->
<test-results name="C:\Users\Craig\Documents\GitHubVisualStudio\PortfolioManager\PortfolioManager.nunit" total="1" errors="0" failures="1" not-run="0" inconclusive="0" ignored="0" skipped="0" invalid="0" date="2016-01-16" time="09:21:15">
  <environment nunit-version="2.6.4.14350" clr-version="2.0.50727.8669" os-version="Microsoft Windows NT 6.2.9200.0" platform="Win32NT" cwd="C:\Program Files (x86)\NUnit 2.6.4\bin" machine-name="DESKTOP-BD1JTTV" user="Craig" user-domain="DESKTOP-BD1JTTV" />
  <culture-info current-culture="en-AU" current-uiculture="en-GB" />
  <test-suite type="Project" name="C:\Users\Craig\Documents\GitHubVisualStudio\PortfolioManager\PortfolioManager.nunit" executed="True" result="Failure" success="False" time="0.020" asserts="0">
    <results>
      <test-suite type="Assembly" name="C:\Users\Craig\Documents\GitHubVisualStudio\PortfolioManager\PortfolioManager.Model.Test\bin\Debug\PortfolioManager.Model.Test.dll" executed="True" result="Failure" success="False" time="0.019" asserts="0">
        <results>
          <test-suite type="Namespace" name="PortfolioManager" executed="True" result="Failure" success="False" time="0.018" asserts="0">
            <results>
              <test-suite type="Namespace" name="Model" executed="True" result="Failure" success="False" time="0.018" asserts="0">
                <results>
                  <test-suite type="Namespace" name="Test" executed="True" result="Failure" success="False" time="0.017" asserts="0">
                    <results>
                      <test-suite type="Namespace" name="Portfolios" executed="True" result="Failure" success="False" time="0.017" asserts="0">
                        <results>
                          <test-suite type="Namespace" name="Transactions" executed="True" result="Failure" success="False" time="0.016" asserts="0">
                            <results>
                              <test-suite type="TestFixture" name="UnitCountAdjustmentOrdinaryShareMultipleParcelsUnevenAmount" description="Unit count adjustment of Ordinary share - multiple parcels, uneven amount" executed="True" result="Failure" success="False" time="0.015" asserts="0">
                                <results>
                                  <test-case name="PortfolioManager.Model.Test.Portfolios.Transactions.UnitCountAdjustmentOrdinaryShareMultipleParcelsUnevenAmount.TransactionTestWithExpectedTests.ExpectedParcels" executed="True" result="Failure" success="False" time="0.001" asserts="1">
                                    <failure>
                                      <message><![CDATA[  Expected: <<ShareParcel:- FromDate: 01/01/2002, ToDate: 12/31/9999, Stock: e38058f0-274f-4dae-97af-72b18c850b8b, AquisitionDate 01/01/2000, Units: 33, UnitPrice: 15.00, CostBase: 1500.00, Event: UnitCountChange, PurchaseId: 00000000-0000-0000-0000-000000000000>,
              <ShareParcel:- FromDate: 01/01/2002, ToDate: 12/31/9999, Stock: e38058f0-274f-4dae-97af-72b18c850b8b, AquisitionDate 01/01/2001, Units: 67, UnitPrice: 6.00, CostBase: 1200.00, Event: UnitCountChange, PurchaseId: 00000000-0000-0000-0000-000000000000>,
              <ShareParcel:- FromDate: 01/01/2002, ToDate: 12/31/9999, Stock: e38058f0-274f-4dae-97af-72b18c850b8b, AquisitionDate 01/01/2001, Units: 36, UnitPrice: 10.00, CostBase: 1100.00, Event: UnitCountChange, PurchaseId: 00000000-0000-0000-0000-000000000000>,
              <ShareParcel:- FromDate: 01/01/2002, ToDate: 12/31/9999, Stock: e38058f0-274f-4dae-97af-72b18c850b8b, AquisitionDate 01/01/2001, Units: 45, UnitPrice: 10.00, CostBase: 1310.00, Event: UnitCountChange, PurchaseId: 00000000-0000-0000-0000-000000000000>>
  But was:  <<ShareParcel:- FromDate: 01/01/2002, ToDate: 12/31/9999, Stock: e38058f0-274f-4dae-97af-72b18c850b8b, AquisitionDate 01/01/2000, Units: 33, UnitPrice: 15.00, CostBase: 1500.00, Event: UnitCountChange, PurchaseId: 00000000-0000-0000-0000-000000000000>,
              <ShareParcel:- FromDate: 01/01/2002, ToDate: 12/31/9999, Stock: e38058f0-274f-4dae-97af-72b18c850b8b, AquisitionDate 01/01/2001, Units: 67, UnitPrice: 6.00, CostBase: 1200.00, Event: UnitCountChange, PurchaseId: 00000000-0000-0000-0000-000000000000>,
              <ShareParcel:- FromDate: 01/01/2002, ToDate: 12/31/9999, Stock: e38058f0-274f-4dae-97af-72b18c850b8b, AquisitionDate 01/01/2001, Units: 37, UnitPrice: 10.00, CostBase: 1100.00, Event: UnitCountChange, PurchaseId: 00000000-0000-0000-0000-000000000000>,
              <ShareParcel:- FromDate: 01/01/2002, ToDate: 12/31/9999, Stock: e38058f0-274f-4dae-97af-72b18c850b8b, AquisitionDate 01/01/2001, Units: 44, UnitPrice: 10.00, CostBase: 1310.00, Event: UnitCountChange, PurchaseId: 00000000-0000-0000-0000-000000000000>>
]]></message>
                                      <stack-trace><![CDATA[at PortfolioManager.Model.Test.Portfolios.Transactions.TransactionTestWithExpectedTests.ExpectedParcels() in C:\Users\Craig\Documents\GitHubVisualStudio\PortfolioManager\PortfolioManager.Model.Test\Portfolios\Transactions\TransactionTest.cs:line 213
]]></stack-trace>
                                    </failure>
                                  </test-case>
                                </results>
                              </test-suite>
                            </results>
                          </test-suite>
                        </results>
                      </test-suite>
                    </results>
                  </test-suite>
                </results>
              </test-suite>
            </results>
          </test-suite>
        </results>
      </test-suite>
    </results>
  </test-suite>
</test-results>