<?xml version="1.0" encoding="utf-8" standalone="no"?>
<!--This file represents the results of running a test suite-->
<test-results name="C:\Users\Craig\Documents\GitHubVisualStudio\PortfolioManager\PortfolioManager.nunit" total="1" errors="0" failures="1" not-run="0" inconclusive="0" ignored="0" skipped="0" invalid="0" date="2016-02-10" time="22:18:17">
  <environment nunit-version="2.6.4.14350" clr-version="2.0.50727.8669" os-version="Microsoft Windows NT 6.2.9200.0" platform="Win32NT" cwd="C:\Program Files (x86)\NUnit 2.6.4\bin" machine-name="DESKTOP-BD1JTTV" user="Craig" user-domain="DESKTOP-BD1JTTV" />
  <culture-info current-culture="en-AU" current-uiculture="en-GB" />
  <test-suite type="Project" name="C:\Users\Craig\Documents\GitHubVisualStudio\PortfolioManager\PortfolioManager.nunit" executed="True" result="Failure" success="False" time="0.401" asserts="0">
    <results>
      <test-suite type="Assembly" name="C:\Users\Craig\Documents\GitHubVisualStudio\PortfolioManager\PortfolioManager.Model.Test\bin\Debug\PortfolioManager.Model.Test.dll" executed="True" result="Failure" success="False" time="0.392" asserts="0">
        <results>
          <test-suite type="Namespace" name="PortfolioManager" executed="True" result="Failure" success="False" time="0.392" asserts="0">
            <results>
              <test-suite type="Namespace" name="Model" executed="True" result="Failure" success="False" time="0.391" asserts="0">
                <results>
                  <test-suite type="Namespace" name="Test" executed="True" result="Failure" success="False" time="0.391" asserts="0">
                    <results>
                      <test-suite type="Namespace" name="Portfolios" executed="True" result="Failure" success="False" time="0.390" asserts="0">
                        <results>
                          <test-suite type="Namespace" name="CorporateActionHandlers" executed="True" result="Failure" success="False" time="0.390" asserts="0">
                            <results>
                              <test-suite type="TestFixture" name="CapitalReturnHandlerTest" description="Capital Return Handler Tests" executed="True" result="Failure" success="False" time="0.388" asserts="0">
                                <results>
                                  <test-case name="PortfolioManager.Model.Test.Portfolios.CorporateActionHandlers.CapitalReturnHandlerTest.SingleParcel" description="Single Parcel" executed="True" result="Failure" success="False" time="0.096" asserts="1">
                                    <failure>
                                      <message><![CDATA[  Expected: <<ReturnOfCapital:- Transactionate: 02/01/2010>>
  But was:  <<ReturnOfCapital:- Transactionate: 02/01/2010>>
]]></message>
                                      <stack-trace><![CDATA[at PortfolioManager.Model.Test.Portfolios.CorporateActionHandlers.CapitalReturnHandlerTest.SingleParcel() in C:\Users\Craig\Documents\GitHubVisualStudio\PortfolioManager\PortfolioManager.Model.Test\Portfolios\CorporateActionHandlers\CapitalReturnHandler.cs:line 56
]]></stack-trace>
                                    </failure>
                                  </test-case>
                                </results>
                              </test-suite>
                            </results>
                          </test-suite>
                        </results>
                      </test-suite>
                    </results>
                  </test-suite>
                </results>
              </test-suite>
            </results>
          </test-suite>
        </results>
      </test-suite>
    </results>
  </test-suite>
</test-results>