<?xml version="1.0" encoding="utf-8" standalone="no"?>
<!--This file represents the results of running a test suite-->
<test-results name="C:\Users\craigb\Documents\GitHub\PortfolioManager\PortfolioManager.nunit" total="192" errors="0" failures="0" not-run="6" inconclusive="0" ignored="6" skipped="0" invalid="0" date="2015-10-08" time="14:10:51">
  <environment nunit-version="2.6.3.13283" clr-version="2.0.50727.5485" os-version="Microsoft Windows NT 6.1.7601 Service Pack 1" platform="Win32NT" cwd="C:\Program Files\NUnit 2.6.3\bin" machine-name="ADL-D-CST-7607" user="CraigB" user-domain="NELLER" />
  <culture-info current-culture="en-AU" current-uiculture="en-US" />
  <test-suite type="Project" name="C:\Users\craigb\Documents\GitHub\PortfolioManager\PortfolioManager.nunit" executed="True" result="Success" success="True" time="2.228" asserts="0">
    <results>
      <test-suite type="Assembly" name="C:\Users\craigb\Documents\GitHub\PortfolioManager\PortfolioManager.Data.Test\bin\Debug\PortfolioManager.Data.Test.dll" executed="True" result="Success" success="True" time="1.288" asserts="0">
        <results>
          <test-suite type="Namespace" name="PortfolioManager" executed="True" result="Success" success="True" time="1.288" asserts="0">
            <results>
              <test-suite type="Namespace" name="Data" executed="True" result="Success" success="True" time="1.288" asserts="0">
                <results>
                  <test-suite type="Namespace" name="Test" executed="True" result="Success" success="True" time="1.288" asserts="0">
                    <results>
                      <test-suite type="Namespace" name="Portfolio" executed="True" result="Success" success="True" time="0.698" asserts="0">
                        <results>
                          <test-suite type="TestFixture" name="PortfolioQueryTest" executed="True" result="Success" success="True" time="0.010" asserts="0">
                            <results>
                              <test-case name="PortfolioManager.Data.Test.Portfolio.PortfolioQueryTest.GetStocksInPortfolio" description="Test get stocks in portfolio" executed="True" result="Success" success="True" time="0.006" asserts="0" />
                            </results>
                          </test-suite>
                          <test-suite type="Namespace" name="Transactions" executed="True" result="Success" success="True" time="0.685" asserts="0">
                            <results>
                              <test-suite type="TestFixture" name="AquisitionRepositoryTest" executed="True" result="Success" success="True" time="0.461" asserts="0">
                                <results>
                                  <test-case name="PortfolioManager.Data.Test.Portfolio.Transactions.AquisitionRepositoryTest.Add" description="Test adding an Aquisition" executed="True" result="Success" success="True" time="0.409" asserts="1" />
                                  <test-case name="PortfolioManager.Data.Test.Portfolio.Transactions.AquisitionRepositoryTest.Delete" description="Test deleting an Aquisition" executed="True" result="Success" success="True" time="0.017" asserts="0" />
                                  <test-case name="PortfolioManager.Data.Test.Portfolio.Transactions.AquisitionRepositoryTest.DeleteById" description="Test deleting an Aquisition by id" executed="True" result="Success" success="True" time="0.015" asserts="0" />
                                  <test-case name="PortfolioManager.Data.Test.Portfolio.Transactions.AquisitionRepositoryTest.Update" description="Test updating an Aquisition" executed="True" result="Success" success="True" time="0.014" asserts="1" />
                                </results>
                              </test-suite>
                              <test-suite type="TestFixture" name="CostBaseAdjustmentRepositoryTest" executed="True" result="Success" success="True" time="0.034" asserts="0">
                                <results>
                                  <test-case name="PortfolioManager.Data.Test.Portfolio.Transactions.CostBaseAdjustmentRepositoryTest.Add" description="Test adding a CostBaseAdjustment" executed="True" result="Success" success="True" time="0.007" asserts="1" />
                                  <test-case name="PortfolioManager.Data.Test.Portfolio.Transactions.CostBaseAdjustmentRepositoryTest.Delete" description="Test deleting a CostBaseAdjustment" executed="True" result="Success" success="True" time="0.008" asserts="0" />
                                  <test-case name="PortfolioManager.Data.Test.Portfolio.Transactions.CostBaseAdjustmentRepositoryTest.DeleteById" description="Test deleting a CostBaseAdjustment by id" executed="True" result="Success" success="True" time="0.008" asserts="0" />
                                  <test-case name="PortfolioManager.Data.Test.Portfolio.Transactions.CostBaseAdjustmentRepositoryTest.Update" description="Test updating a CostBaseAdjustment" executed="True" result="Success" success="True" time="0.006" asserts="1" />
                                </results>
                              </test-suite>
                              <test-suite type="TestFixture" name="DisposalRepositoryTest" executed="True" result="Success" success="True" time="0.068" asserts="0">
                                <results>
                                  <test-case name="PortfolioManager.Data.Test.Portfolio.Transactions.DisposalRepositoryTest.Add" description="Test adding a Disposal" executed="True" result="Success" success="True" time="0.007" asserts="1" />
                                  <test-case name="PortfolioManager.Data.Test.Portfolio.Transactions.DisposalRepositoryTest.Delete" description="Test deleting a Disposal" executed="True" result="Success" success="True" time="0.040" asserts="0" />
                                  <test-case name="PortfolioManager.Data.Test.Portfolio.Transactions.DisposalRepositoryTest.DeleteById" description="Test deleting a Disposal" executed="True" result="Success" success="True" time="0.008" asserts="0" />
                                  <test-case name="PortfolioManager.Data.Test.Portfolio.Transactions.DisposalRepositoryTest.Update" description="Test updating a Disposal" executed="True" result="Success" success="True" time="0.006" asserts="1" />
                                </results>
                              </test-suite>
                              <test-suite type="TestFixture" name="IncomeReceivedRepositoryTest" executed="True" result="Success" success="True" time="0.038" asserts="0">
                                <results>
                                  <test-case name="PortfolioManager.Data.Test.Portfolio.Transactions.IncomeReceivedRepositoryTest.Add" description="Test adding a IncomeReceived" executed="True" result="Success" success="True" time="0.008" asserts="1" />
                                  <test-case name="PortfolioManager.Data.Test.Portfolio.Transactions.IncomeReceivedRepositoryTest.Delete" description="Test deleting a IncomeReceived" executed="True" result="Success" success="True" time="0.008" asserts="0" />
                                  <test-case name="PortfolioManager.Data.Test.Portfolio.Transactions.IncomeReceivedRepositoryTest.DeleteById" description="Test deleting a IncomeReceived" executed="True" result="Success" success="True" time="0.008" asserts="0" />
                                  <test-case name="PortfolioManager.Data.Test.Portfolio.Transactions.IncomeReceivedRepositoryTest.Update" description="Test updating a IncomeReceived" executed="True" result="Success" success="True" time="0.006" asserts="1" />
                                </results>
                              </test-suite>
                              <test-suite type="TestFixture" name="OpeningBalanceRepositoryTest" executed="True" result="Success" success="True" time="0.036" asserts="0">
                                <results>
                                  <test-case name="PortfolioManager.Data.Test.Portfolio.Transactions.OpeningBalanceRepositoryTest.Add" description="Test adding a OpeningBalance" executed="True" result="Success" success="True" time="0.007" asserts="1" />
                                  <test-case name="PortfolioManager.Data.Test.Portfolio.Transactions.OpeningBalanceRepositoryTest.Delete" description="Test deleting a OpeningBalance" executed="True" result="Success" success="True" time="0.008" asserts="0" />
                                  <test-case name="PortfolioManager.Data.Test.Portfolio.Transactions.OpeningBalanceRepositoryTest.DeleteById" description="Test deleting a OpeningBalance" executed="True" result="Success" success="True" time="0.008" asserts="0" />
                                  <test-case name="PortfolioManager.Data.Test.Portfolio.Transactions.OpeningBalanceRepositoryTest.Update" description="Test updating a OpeningBalance" executed="True" result="Success" success="True" time="0.006" asserts="1" />
                                </results>
                              </test-suite>
                              <test-suite type="TestFixture" name="ReturnOfCapitalRepositoryTest" executed="True" result="Success" success="True" time="0.038" asserts="0">
                                <results>
                                  <test-case name="PortfolioManager.Data.Test.Portfolio.Transactions.ReturnOfCapitalRepositoryTest.Add" description="Test adding a ReturnofCapital" executed="True" result="Success" success="True" time="0.007" asserts="1" />
                                  <test-case name="PortfolioManager.Data.Test.Portfolio.Transactions.ReturnOfCapitalRepositoryTest.Delete" description="Test deleting a ReturnofCapital" executed="True" result="Success" success="True" time="0.008" asserts="0" />
                                  <test-case name="PortfolioManager.Data.Test.Portfolio.Transactions.ReturnOfCapitalRepositoryTest.DeleteById" description="Test deleting a ReturnofCapital" executed="True" result="Success" success="True" time="0.010" asserts="0" />
                                  <test-case name="PortfolioManager.Data.Test.Portfolio.Transactions.ReturnOfCapitalRepositoryTest.Update" description="Test updating a ReturnofCapital" executed="True" result="Success" success="True" time="0.006" asserts="1" />
                                </results>
                              </test-suite>
                            </results>
                          </test-suite>
                        </results>
                      </test-suite>
                      <test-suite type="Namespace" name="Stocks" executed="True" result="Success" success="True" time="0.582" asserts="0">
                        <results>
                          <test-suite type="TestFixture" name="CorporateActionRepositoryTest" executed="True" result="Success" success="True" time="0.105" asserts="0">
                            <results>
                              <test-case name="PortfolioManager.Data.Test.Stocks.CorporateActionRepositoryTest.AddCapitalReturn" description="Test adding a Capital Return" executed="True" result="Success" success="True" time="0.003" asserts="1" />
                              <test-case name="PortfolioManager.Data.Test.Stocks.CorporateActionRepositoryTest.AddDividend" description="Test adding a Dividend" executed="True" result="Success" success="True" time="0.002" asserts="1" />
                              <test-case name="PortfolioManager.Data.Test.Stocks.CorporateActionRepositoryTest.AddTransformation" description="Test adding a Transformation" executed="True" result="Success" success="True" time="0.002" asserts="1" />
                              <test-case name="PortfolioManager.Data.Test.Stocks.CorporateActionRepositoryTest.DeleteCapitalReturn" description="Test Delete() for a capital return" executed="True" result="Success" success="True" time="0.004" asserts="0" />
                              <test-case name="PortfolioManager.Data.Test.Stocks.CorporateActionRepositoryTest.DeleteDividend" description="Test Delete() for a dividend" executed="True" result="Success" success="True" time="0.003" asserts="0" />
                              <test-case name="PortfolioManager.Data.Test.Stocks.CorporateActionRepositoryTest.DeleteTransformation" description="Test Delete() for a transformation" executed="True" result="Success" success="True" time="0.003" asserts="0" />
                              <test-case name="PortfolioManager.Data.Test.Stocks.CorporateActionRepositoryTest.DeleteTransformationWithResultStocks" description="Test Delete() for a transformation with result stocks" executed="True" result="Success" success="True" time="0.033" asserts="0" />
                              <test-case name="PortfolioManager.Data.Test.Stocks.CorporateActionRepositoryTest.GetNotExists" description="Test Get() for a corporate action that doesn't exist" executed="True" result="Success" success="True" time="0.003" asserts="0" />
                              <test-case name="PortfolioManager.Data.Test.Stocks.CorporateActionRepositoryTest.UpdateCapitalReturn" description="Test Update() for a capital return" executed="True" result="Success" success="True" time="0.003" asserts="1" />
                              <test-case name="PortfolioManager.Data.Test.Stocks.CorporateActionRepositoryTest.UpdateCorporateAction" description="Test Update() for a corporate action (header file)" executed="True" result="Success" success="True" time="0.002" asserts="1" />
                              <test-case name="PortfolioManager.Data.Test.Stocks.CorporateActionRepositoryTest.UpdateDividend" description="Test Update() for a dividend" executed="True" result="Success" success="True" time="0.001" asserts="1" />
                              <test-case name="PortfolioManager.Data.Test.Stocks.CorporateActionRepositoryTest.UpdateTransformation" description="Test Update() for a transformation" executed="True" result="Success" success="True" time="0.001" asserts="1" />
                              <test-case name="PortfolioManager.Data.Test.Stocks.CorporateActionRepositoryTest.UpdateTransformationAddResultStock" description="Test Update() for a transformation - add result stock" executed="True" result="Success" success="True" time="0.007" asserts="2" />
                              <test-case name="PortfolioManager.Data.Test.Stocks.CorporateActionRepositoryTest.UpdateTransformationRemoveResultStock" description="Test Update() for a transformation - remove result stock" executed="True" result="Success" success="True" time="0.002" asserts="2" />
                              <test-case name="PortfolioManager.Data.Test.Stocks.CorporateActionRepositoryTest.UpdateTransformationUpdateResultStock" description="Test Update() for a transformation - update result stock" executed="True" result="Success" success="True" time="0.002" asserts="1" />
                            </results>
                          </test-suite>
                          <test-suite type="TestFixture" name="RelativeNTARepositoryTest" executed="True" result="Success" success="True" time="0.112" asserts="0">
                            <results>
                              <test-case name="PortfolioManager.Data.Test.Stocks.RelativeNTARepositoryTest.Add" description="Test adding a Relative NTA" executed="True" result="Success" success="True" time="0.008" asserts="3" />
                              <test-case name="PortfolioManager.Data.Test.Stocks.RelativeNTARepositoryTest.AddDuplicate" description="Test adding a relative nta with the same details as an existing entry" executed="True" result="Success" success="True" time="0.009" asserts="0" />
                              <test-case name="PortfolioManager.Data.Test.Stocks.RelativeNTARepositoryTest.Delete" description="Test Delete()" executed="True" result="Success" success="True" time="0.008" asserts="0" />
                              <test-case name="PortfolioManager.Data.Test.Stocks.RelativeNTARepositoryTest.DeleteById" description="Test Delete() by Id" executed="True" result="Success" success="True" time="0.008" asserts="0" />
                              <test-case name="PortfolioManager.Data.Test.Stocks.RelativeNTARepositoryTest.DeleteByIdNotExists" description="Test Delete() by Id not exists" executed="True" result="Success" success="True" time="0.006" asserts="0" />
                              <test-case name="PortfolioManager.Data.Test.Stocks.RelativeNTARepositoryTest.DeleteByParent" description="Test Delete() by Parent" executed="True" result="Success" success="True" time="0.009" asserts="6" />
                              <test-case name="PortfolioManager.Data.Test.Stocks.RelativeNTARepositoryTest.DeleteByParentChild" description="Test Delete() by Parent,Child" executed="True" result="Success" success="True" time="0.010" asserts="6" />
                              <test-case name="PortfolioManager.Data.Test.Stocks.RelativeNTARepositoryTest.DeleteByParentChildDate" description="Test Delete() by Parent,Child,Date" executed="True" result="Success" success="True" time="0.010" asserts="6" />
                              <test-case name="PortfolioManager.Data.Test.Stocks.RelativeNTARepositoryTest.Get" description="Test Get()" executed="True" result="Success" success="True" time="0.007" asserts="6" />
                              <test-case name="PortfolioManager.Data.Test.Stocks.RelativeNTARepositoryTest.GetNotExists" description="Test Get() for a relative NTA that doesn't exist" executed="True" result="Success" success="True" time="0.009" asserts="0" />
                              <test-case name="PortfolioManager.Data.Test.Stocks.RelativeNTARepositoryTest.Update" description="Test Update()" executed="True" result="Success" success="True" time="0.007" asserts="1" />
                            </results>
                          </test-suite>
                          <test-suite type="TestFixture" name="StockQueryTest" executed="True" result="Success" success="True" time="0.200" asserts="0">
                            <results>
                              <test-case name="PortfolioManager.Data.Test.Stocks.StockQueryTest.Get" description="Test Get()" executed="True" result="Success" success="True" time="0.007" asserts="1" />
                              <test-case name="PortfolioManager.Data.Test.Stocks.StockQueryTest.GetAfterEndDate" description="Test Get() for a stock after end date" executed="True" result="Success" success="True" time="0.009" asserts="0" />
                              <test-case name="PortfolioManager.Data.Test.Stocks.StockQueryTest.GetASXCode" description="Test GetASXCode()" executed="True" result="Success" success="True" time="0.006" asserts="1" />
                              <test-case name="PortfolioManager.Data.Test.Stocks.StockQueryTest.GetASXCodeAfterEndDate" description="Test GetASXCode() for a stock after end date" executed="True" result="Success" success="True" time="0.008" asserts="0" />
                              <test-case name="PortfolioManager.Data.Test.Stocks.StockQueryTest.GetASXCodeAtDate" description="Test GetASXCode() at a particular date" executed="True" result="Success" success="True" time="0.006" asserts="2" />
                              <test-case name="PortfolioManager.Data.Test.Stocks.StockQueryTest.GetASXCodeBeforeStartDate" description="Test GetASXCode() for a stock before start date" executed="True" result="Success" success="True" time="0.008" asserts="0" />
                              <test-case name="PortfolioManager.Data.Test.Stocks.StockQueryTest.GetASXCodeNotExists" description="Test GetASXCode() for a stock that doesn't exist" executed="True" result="Success" success="True" time="0.008" asserts="0" />
                              <test-case name="PortfolioManager.Data.Test.Stocks.StockQueryTest.GetAtDate" description="Test Get() at a particular date" executed="True" result="Success" success="True" time="0.006" asserts="2" />
                              <test-case name="PortfolioManager.Data.Test.Stocks.StockQueryTest.GetBeforeStartDate" description="Test Get() for a stock before start date" executed="True" result="Success" success="True" time="0.008" asserts="0" />
                              <test-case name="PortfolioManager.Data.Test.Stocks.StockQueryTest.GetByASXCode" description="Test GetByASXCode()" executed="True" result="Success" success="True" time="0.007" asserts="1" />
                              <test-case name="PortfolioManager.Data.Test.Stocks.StockQueryTest.GetByASXCodeAfterEndDate" description="Test GetByASXCode() for a stock after end date" executed="True" result="Success" success="True" time="0.008" asserts="0" />
                              <test-case name="PortfolioManager.Data.Test.Stocks.StockQueryTest.GetByASXCodeAtDate" description="Test GetByASXCode() at a particular date" executed="True" result="Success" success="True" time="0.006" asserts="2" />
                              <test-case name="PortfolioManager.Data.Test.Stocks.StockQueryTest.GetByASXCodeBeforeStartDate" description="Test GetByASXCode() for a stock before start date" executed="True" result="Success" success="True" time="0.008" asserts="0" />
                              <test-case name="PortfolioManager.Data.Test.Stocks.StockQueryTest.GetByASXCodeNotExists" description="Test GetByASXCode() for a stock that doesn't exist" executed="True" result="Success" success="True" time="0.010" asserts="0" />
                              <test-case name="PortfolioManager.Data.Test.Stocks.StockQueryTest.GetChildStocks" description="Test GetChildStocks()" executed="True" result="Success" success="True" time="0.008" asserts="3" />
                              <test-case name="PortfolioManager.Data.Test.Stocks.StockQueryTest.GetChildStocksNoChildren" description="Test GetChildStocks() with no children" executed="True" result="Success" success="True" time="0.006" asserts="1" />
                              <test-case name="PortfolioManager.Data.Test.Stocks.StockQueryTest.GetNotExists" description="Test Get() for a stock that doesn't exist" executed="True" result="Success" success="True" time="0.008" asserts="0" />
                              <test-case name="PortfolioManager.Data.Test.Stocks.StockQueryTest.PercentOfParentCost" description="Test PercentOfParentCost()" executed="True" result="Success" success="True" time="0.008" asserts="6" />
                              <test-case name="PortfolioManager.Data.Test.Stocks.StockQueryTest.PercentOfParentCostIdInvalid" description="Test PercentOfParentCost() invalid id" executed="True" result="Success" success="True" time="0.008" asserts="0" />
                              <test-case name="PortfolioManager.Data.Test.Stocks.StockQueryTest.PercentOfParentCostNoData" description="Test PercentOfParentCost() no Relative NTA Records" executed="True" result="Success" success="True" time="0.008" asserts="0" />
                              <test-case name="PortfolioManager.Data.Test.Stocks.StockQueryTest.PercentOfParentCostNoParent" description="Test PercentOfParentCost() with no parent" executed="True" result="Success" success="True" time="0.008" asserts="0" />
                            </results>
                          </test-suite>
                          <test-suite type="TestFixture" name="StockRepositoryTest" executed="True" result="Success" success="True" time="0.130" asserts="0">
                            <results>
                              <test-case name="PortfolioManager.Data.Test.Stocks.StockRepositoryTest.Add" description="Test adding a stock" executed="True" result="Success" success="True" time="0.006" asserts="1" />
                              <test-case name="PortfolioManager.Data.Test.Stocks.StockRepositoryTest.AddDuplicate" description="Test adding a stock with the same ASX code as an existing stock" executed="True" result="Success" success="True" time="0.008" asserts="0" />
                              <test-case name="PortfolioManager.Data.Test.Stocks.StockRepositoryTest.Delete" description="Test Delete()" executed="True" result="Success" success="True" time="0.008" asserts="1" />
                              <test-case name="PortfolioManager.Data.Test.Stocks.StockRepositoryTest.DeleteAllEffectiveDatedRecords" description="Test Delete() by Id for multiple effective dated records" executed="True" result="Success" success="True" time="0.008" asserts="0" />
                              <test-case name="PortfolioManager.Data.Test.Stocks.StockRepositoryTest.DeleteById" description="Test Delete() by Id" executed="True" result="Success" success="True" time="0.008" asserts="1" />
                              <test-case name="PortfolioManager.Data.Test.Stocks.StockRepositoryTest.DeleteByIdAtDate" description="Test Delete() by Id and date" executed="True" result="Success" success="True" time="0.009" asserts="1" />
                              <test-case name="PortfolioManager.Data.Test.Stocks.StockRepositoryTest.DeleteByIdAtDateNotExists" description="Test Delete() by Id and date not exists" executed="True" result="Success" success="True" time="0.006" asserts="1" />
                              <test-case name="PortfolioManager.Data.Test.Stocks.StockRepositoryTest.DeleteNotExist" description="Test Delete() for stock not existing" executed="True" result="Success" success="True" time="0.006" asserts="0" />
                              <test-case name="PortfolioManager.Data.Test.Stocks.StockRepositoryTest.Get" description="Test Get()" executed="True" result="Success" success="True" time="0.006" asserts="1" />
                              <test-case name="PortfolioManager.Data.Test.Stocks.StockRepositoryTest.GetAfterEndDate" description="Test Get() for a stock after end date" executed="True" result="Success" success="True" time="0.013" asserts="0" />
                              <test-case name="PortfolioManager.Data.Test.Stocks.StockRepositoryTest.GetAtDate" description="Test Get() at a particular date" executed="True" result="Success" success="True" time="0.006" asserts="2" />
                              <test-case name="PortfolioManager.Data.Test.Stocks.StockRepositoryTest.GetBeforeStartDate" description="Test Get() for a stock before start date" executed="True" result="Success" success="True" time="0.008" asserts="0" />
                              <test-case name="PortfolioManager.Data.Test.Stocks.StockRepositoryTest.GetNotExists" description="Test Get() for a stock that doesn't exist" executed="True" result="Success" success="True" time="0.008" asserts="0" />
                              <test-case name="PortfolioManager.Data.Test.Stocks.StockRepositoryTest.Update" description="Test Update()" executed="True" result="Success" success="True" time="0.006" asserts="1" />
                            </results>
                          </test-suite>
                          <test-suite type="TestFixture" name="StockUnitOfWorkTest" executed="True" result="Success" success="True" time="0.024" asserts="0">
                            <results>
                              <test-case name="PortfolioManager.Data.Test.Stocks.StockUnitOfWorkTest.Commit" description="Test commmit" executed="True" result="Success" success="True" time="0.006" asserts="1" />
                              <test-case name="PortfolioManager.Data.Test.Stocks.StockUnitOfWorkTest.NestedTransactions" description="Test nested transactions" executed="True" result="Success" success="True" time="0.006" asserts="3" />
                              <test-case name="PortfolioManager.Data.Test.Stocks.StockUnitOfWorkTest.Rollback" description="Test rollback" executed="True" result="Success" success="True" time="0.008" asserts="0" />
                            </results>
                          </test-suite>
                        </results>
                      </test-suite>
                    </results>
                  </test-suite>
                </results>
              </test-suite>
            </results>
          </test-suite>
        </results>
      </test-suite>
      <test-suite type="Assembly" name="C:\Users\craigb\Documents\GitHub\PortfolioManager\PortfolioManager.Model.Test\bin\Debug\PortfolioManager.Model.Test.dll" executed="True" result="Success" success="True" time="0.898" asserts="0">
        <results>
          <test-suite type="Namespace" name="PortfolioManager" executed="True" result="Success" success="True" time="0.898" asserts="0">
            <results>
              <test-suite type="Namespace" name="Model" executed="True" result="Success" success="True" time="0.898" asserts="0">
                <results>
                  <test-suite type="Namespace" name="Test" executed="True" result="Success" success="True" time="0.898" asserts="0">
                    <results>
                      <test-suite type="Namespace" name="Portfolios" executed="True" result="Success" success="True" time="0.658" asserts="0">
                        <results>
                          <test-suite type="Namespace" name="Transactions" executed="True" result="Success" success="True" time="0.658" asserts="0">
                            <results>
                              <test-suite type="TestFixture" name="AquisitionOrdinaryShare" description="Purchase stock" executed="True" result="Success" success="True" time="0.034" asserts="0">
                                <results>
                                  <test-case name="PortfolioManager.Model.Test.Portfolios.Transactions.AquisitionOrdinaryShare.TransactionTestWithExpectedTests.ExpectedCGTEvents" executed="True" result="Success" success="True" time="0.006" asserts="1" />
                                  <test-case name="PortfolioManager.Model.Test.Portfolios.Transactions.AquisitionOrdinaryShare.TransactionTestWithExpectedTests.ExpectedIncome" executed="True" result="Success" success="True" time="0.001" asserts="1" />
                                  <test-case name="PortfolioManager.Model.Test.Portfolios.Transactions.AquisitionOrdinaryShare.TransactionTestWithExpectedTests.ExpectedParcels" executed="True" result="Success" success="True" time="0.003" asserts="1" />
                                </results>
                              </test-suite>
                              <test-suite type="TestFixture" name="AquisitionStapledSecurity" description="Purchase stapled security" executed="True" result="Success" success="True" time="0.024" asserts="0">
                                <results>
                                  <test-case name="PortfolioManager.Model.Test.Portfolios.Transactions.AquisitionStapledSecurity.TransactionTestWithExpectedTests.ExpectedCGTEvents" executed="True" result="Success" success="True" time="0.000" asserts="1" />
                                  <test-case name="PortfolioManager.Model.Test.Portfolios.Transactions.AquisitionStapledSecurity.TransactionTestWithExpectedTests.ExpectedIncome" executed="True" result="Success" success="True" time="0.000" asserts="1" />
                                  <test-case name="PortfolioManager.Model.Test.Portfolios.Transactions.AquisitionStapledSecurity.TransactionTestWithExpectedTests.ExpectedParcels" executed="True" result="Success" success="True" time="0.001" asserts="1" />
                                </results>
                              </test-suite>
                              <test-suite type="TestFixture" name="AquisitionValidationTests" description="Aquisition validation tests" executed="True" result="Success" success="True" time="0.016" asserts="0">
                                <results>
                                  <test-case name="PortfolioManager.Model.Test.Portfolios.Transactions.AquisitionValidationTests.NotSupportedForChildSecurity" description="Aquire child security" executed="True" result="Success" success="True" time="0.008" asserts="0" />
                                </results>
                              </test-suite>
                              <test-suite type="TestFixture" name="CostBaseAdjustmentOrdinaryShareMultipleParcels" description="Cost base adjustment of Ordinary share - multiple parcels" executed="True" result="Success" success="True" time="0.020" asserts="0">
                                <results>
                                  <test-case name="PortfolioManager.Model.Test.Portfolios.Transactions.CostBaseAdjustmentOrdinaryShareMultipleParcels.TransactionTestWithExpectedTests.ExpectedCGTEvents" executed="True" result="Success" success="True" time="0.000" asserts="1" />
                                  <test-case name="PortfolioManager.Model.Test.Portfolios.Transactions.CostBaseAdjustmentOrdinaryShareMultipleParcels.TransactionTestWithExpectedTests.ExpectedIncome" executed="True" result="Success" success="True" time="0.000" asserts="1" />
                                  <test-case name="PortfolioManager.Model.Test.Portfolios.Transactions.CostBaseAdjustmentOrdinaryShareMultipleParcels.TransactionTestWithExpectedTests.ExpectedParcels" executed="True" result="Success" success="True" time="0.000" asserts="1" />
                                </results>
                              </test-suite>
                              <test-suite type="TestFixture" name="CostBaseAdjustmentOrdinaryShareSingleParcel" description="Cost base adjustment of Ordinary share - single parcel" executed="True" result="Success" success="True" time="0.018" asserts="0">
                                <results>
                                  <test-case name="PortfolioManager.Model.Test.Portfolios.Transactions.CostBaseAdjustmentOrdinaryShareSingleParcel.TransactionTestWithExpectedTests.ExpectedCGTEvents" executed="True" result="Success" success="True" time="0.000" asserts="1" />
                                  <test-case name="PortfolioManager.Model.Test.Portfolios.Transactions.CostBaseAdjustmentOrdinaryShareSingleParcel.TransactionTestWithExpectedTests.ExpectedIncome" executed="True" result="Success" success="True" time="0.000" asserts="1" />
                                  <test-case name="PortfolioManager.Model.Test.Portfolios.Transactions.CostBaseAdjustmentOrdinaryShareSingleParcel.TransactionTestWithExpectedTests.ExpectedParcels" executed="True" result="Success" success="True" time="0.000" asserts="1" />
                                </results>
                              </test-suite>
                              <test-suite type="TestFixture" name="CostBaseAdjustmentValidationTests" description="Cost base adjustment validation tests" executed="True" result="Success" success="True" time="0.029" asserts="0">
                                <results>
                                  <test-case name="PortfolioManager.Model.Test.Portfolios.Transactions.CostBaseAdjustmentValidationTests.NoParcelsForTransaction" description="Cost base adjustment of Ordinary share - no parcels" executed="True" result="Success" success="True" time="0.011" asserts="0" />
                                  <test-case name="PortfolioManager.Model.Test.Portfolios.Transactions.CostBaseAdjustmentValidationTests.TransctionNotSupportedForStapledSecurity" executed="True" result="Success" success="True" time="0.008" asserts="0" />
                                </results>
                              </test-suite>
                              <test-suite type="TestFixture" name="DisposalOrdinaryShareMultipleParcelsSellAll" description="Disposal of Ordinary Share - multiple parcels, sell all" executed="True" result="Success" success="True" time="0.026" asserts="0">
                                <results>
                                  <test-case name="PortfolioManager.Model.Test.Portfolios.Transactions.DisposalOrdinaryShareMultipleParcelsSellAll.TransactionTestWithExpectedTests.ExpectedCGTEvents" executed="True" result="Success" success="True" time="0.001" asserts="1" />
                                  <test-case name="PortfolioManager.Model.Test.Portfolios.Transactions.DisposalOrdinaryShareMultipleParcelsSellAll.TransactionTestWithExpectedTests.ExpectedIncome" executed="True" result="Success" success="True" time="0.000" asserts="1" />
                                  <test-case name="PortfolioManager.Model.Test.Portfolios.Transactions.DisposalOrdinaryShareMultipleParcelsSellAll.TransactionTestWithExpectedTests.ExpectedParcels" executed="True" result="Success" success="True" time="0.000" asserts="1" />
                                </results>
                              </test-suite>
                              <test-suite type="TestFixture" name="DisposalOrdinaryShareMultipleParcelsSellPart" description="Disposal of Ordinary Share - multiple parcels, sell part" executed="True" result="Success" success="True" time="0.018" asserts="0">
                                <results>
                                  <test-case name="PortfolioManager.Model.Test.Portfolios.Transactions.DisposalOrdinaryShareMultipleParcelsSellPart.TransactionTestWithExpectedTests.ExpectedCGTEvents" executed="True" result="Success" success="True" time="0.000" asserts="1" />
                                  <test-case name="PortfolioManager.Model.Test.Portfolios.Transactions.DisposalOrdinaryShareMultipleParcelsSellPart.TransactionTestWithExpectedTests.ExpectedIncome" executed="True" result="Success" success="True" time="0.000" asserts="1" />
                                  <test-case name="PortfolioManager.Model.Test.Portfolios.Transactions.DisposalOrdinaryShareMultipleParcelsSellPart.TransactionTestWithExpectedTests.ExpectedParcels" executed="True" result="Success" success="True" time="0.000" asserts="1" />
                                </results>
                              </test-suite>
                              <test-suite type="TestFixture" name="DisposalOrdinaryShareSingleParcelSellAll" description="Disposal of Ordinary Share - single parcel, sell all" executed="True" result="Success" success="True" time="0.018" asserts="0">
                                <results>
                                  <test-case name="PortfolioManager.Model.Test.Portfolios.Transactions.DisposalOrdinaryShareSingleParcelSellAll.TransactionTestWithExpectedTests.ExpectedCGTEvents" executed="True" result="Success" success="True" time="0.000" asserts="1" />
                                  <test-case name="PortfolioManager.Model.Test.Portfolios.Transactions.DisposalOrdinaryShareSingleParcelSellAll.TransactionTestWithExpectedTests.ExpectedIncome" executed="True" result="Success" success="True" time="0.000" asserts="1" />
                                  <test-case name="PortfolioManager.Model.Test.Portfolios.Transactions.DisposalOrdinaryShareSingleParcelSellAll.TransactionTestWithExpectedTests.ExpectedParcels" executed="True" result="Success" success="True" time="0.000" asserts="1" />
                                </results>
                              </test-suite>
                              <test-suite type="TestFixture" name="DisposalOrdinaryShareSingleParcelSellPart" description="Disposal of Ordinary Share - single parcel, sell part" executed="True" result="Success" success="True" time="0.017" asserts="0">
                                <results>
                                  <test-case name="PortfolioManager.Model.Test.Portfolios.Transactions.DisposalOrdinaryShareSingleParcelSellPart.TransactionTestWithExpectedTests.ExpectedCGTEvents" executed="True" result="Success" success="True" time="0.000" asserts="1" />
                                  <test-case name="PortfolioManager.Model.Test.Portfolios.Transactions.DisposalOrdinaryShareSingleParcelSellPart.TransactionTestWithExpectedTests.ExpectedIncome" executed="True" result="Success" success="True" time="0.000" asserts="1" />
                                  <test-case name="PortfolioManager.Model.Test.Portfolios.Transactions.DisposalOrdinaryShareSingleParcelSellPart.TransactionTestWithExpectedTests.ExpectedParcels" executed="True" result="Success" success="True" time="0.000" asserts="1" />
                                </results>
                              </test-suite>
                              <test-suite type="TestFixture" name="DisposalStapledSecurityMultipleParcelsSellAll" description="Disposal of Stapled Security - multiple parcels, sell all" executed="False" result="Ignored">
                                <reason>
                                  <message><![CDATA[]]></message>
                                </reason>
                                <results>
                                  <test-case name="PortfolioManager.Model.Test.Portfolios.Transactions.DisposalStapledSecurityMultipleParcelsSellAll.TransactionTestWithExpectedTests.ExpectedCGTEvents" executed="False" result="Ignored">
                                    <reason>
                                      <message><![CDATA[]]></message>
                                    </reason>
                                  </test-case>
                                  <test-case name="PortfolioManager.Model.Test.Portfolios.Transactions.DisposalStapledSecurityMultipleParcelsSellAll.TransactionTestWithExpectedTests.ExpectedIncome" executed="False" result="Ignored">
                                    <reason>
                                      <message><![CDATA[]]></message>
                                    </reason>
                                  </test-case>
                                  <test-case name="PortfolioManager.Model.Test.Portfolios.Transactions.DisposalStapledSecurityMultipleParcelsSellAll.TransactionTestWithExpectedTests.ExpectedParcels" executed="False" result="Ignored">
                                    <reason>
                                      <message><![CDATA[]]></message>
                                    </reason>
                                  </test-case>
                                </results>
                              </test-suite>
                              <test-suite type="TestFixture" name="DisposalStapledSecurityMultipleParcelsSellPart" description="Disposal of Stapled Security - multiple parcels, sell part" executed="False" result="Ignored">
                                <reason>
                                  <message><![CDATA[]]></message>
                                </reason>
                                <results>
                                  <test-case name="PortfolioManager.Model.Test.Portfolios.Transactions.DisposalStapledSecurityMultipleParcelsSellPart.TransactionTestWithExpectedTests.ExpectedCGTEvents" executed="False" result="Ignored">
                                    <reason>
                                      <message><![CDATA[]]></message>
                                    </reason>
                                  </test-case>
                                  <test-case name="PortfolioManager.Model.Test.Portfolios.Transactions.DisposalStapledSecurityMultipleParcelsSellPart.TransactionTestWithExpectedTests.ExpectedIncome" executed="False" result="Ignored">
                                    <reason>
                                      <message><![CDATA[]]></message>
                                    </reason>
                                  </test-case>
                                  <test-case name="PortfolioManager.Model.Test.Portfolios.Transactions.DisposalStapledSecurityMultipleParcelsSellPart.TransactionTestWithExpectedTests.ExpectedParcels" executed="False" result="Ignored">
                                    <reason>
                                      <message><![CDATA[]]></message>
                                    </reason>
                                  </test-case>
                                </results>
                              </test-suite>
                              <test-suite type="TestFixture" name="DisposalStapledSecuritySingleParcelSellAll" description="Disposal of Stapled Security - single parcel, sell all" executed="True" result="Success" success="True" time="0.021" asserts="0">
                                <results>
                                  <test-case name="PortfolioManager.Model.Test.Portfolios.Transactions.DisposalStapledSecuritySingleParcelSellAll.TransactionTestWithExpectedTests.ExpectedCGTEvents" executed="True" result="Success" success="True" time="0.000" asserts="1" />
                                  <test-case name="PortfolioManager.Model.Test.Portfolios.Transactions.DisposalStapledSecuritySingleParcelSellAll.TransactionTestWithExpectedTests.ExpectedIncome" executed="True" result="Success" success="True" time="0.000" asserts="1" />
                                  <test-case name="PortfolioManager.Model.Test.Portfolios.Transactions.DisposalStapledSecuritySingleParcelSellAll.TransactionTestWithExpectedTests.ExpectedParcels" executed="True" result="Success" success="True" time="0.000" asserts="1" />
                                </results>
                              </test-suite>
                              <test-suite type="TestFixture" name="DisposalStapledSecuritySingleParcelSellPart" description="Disposal of Stapled Security - single parcel, sell part" executed="True" result="Success" success="True" time="0.018" asserts="0">
                                <results>
                                  <test-case name="PortfolioManager.Model.Test.Portfolios.Transactions.DisposalStapledSecuritySingleParcelSellPart.TransactionTestWithExpectedTests.ExpectedCGTEvents" executed="True" result="Success" success="True" time="0.000" asserts="1" />
                                  <test-case name="PortfolioManager.Model.Test.Portfolios.Transactions.DisposalStapledSecuritySingleParcelSellPart.TransactionTestWithExpectedTests.ExpectedIncome" executed="True" result="Success" success="True" time="0.000" asserts="1" />
                                  <test-case name="PortfolioManager.Model.Test.Portfolios.Transactions.DisposalStapledSecuritySingleParcelSellPart.TransactionTestWithExpectedTests.ExpectedParcels" executed="True" result="Success" success="True" time="0.000" asserts="1" />
                                </results>
                              </test-suite>
                              <test-suite type="TestFixture" name="DisposalValidationTests" description="Disposal validation tests" executed="True" result="Success" success="True" time="0.045" asserts="0">
                                <results>
                                  <test-case name="PortfolioManager.Model.Test.Portfolios.Transactions.DisposalValidationTests.MultipleParcelsNotEnoughShares" description="Disposal of Ordinary Share - multiple parcels, not enough shares" executed="True" result="Success" success="True" time="0.008" asserts="0" />
                                  <test-case name="PortfolioManager.Model.Test.Portfolios.Transactions.DisposalValidationTests.NoParcelsForTransaction" description="Disposal of Ordinary Share - no parcels" executed="True" result="Success" success="True" time="0.007" asserts="0" />
                                  <test-case name="PortfolioManager.Model.Test.Portfolios.Transactions.DisposalValidationTests.NotSupportedForChildSecurity" description="Disposal of child security" executed="True" result="Success" success="True" time="0.008" asserts="0" />
                                  <test-case name="PortfolioManager.Model.Test.Portfolios.Transactions.DisposalValidationTests.SingleParcelNotEnoughShares" description="Disposal of Ordinary Share - single parcel, not enough shares" executed="True" result="Success" success="True" time="0.008" asserts="0" />
                                </results>
                              </test-suite>
                              <test-suite type="TestFixture" name="IncomeReceivedOrdinaryShareMultipleParcels" description="Income Received of Ordinary share - mulitple parcels" executed="True" result="Success" success="True" time="0.019" asserts="0">
                                <results>
                                  <test-case name="PortfolioManager.Model.Test.Portfolios.Transactions.IncomeReceivedOrdinaryShareMultipleParcels.TransactionTestWithExpectedTests.ExpectedCGTEvents" executed="True" result="Success" success="True" time="0.000" asserts="1" />
                                  <test-case name="PortfolioManager.Model.Test.Portfolios.Transactions.IncomeReceivedOrdinaryShareMultipleParcels.TransactionTestWithExpectedTests.ExpectedIncome" executed="True" result="Success" success="True" time="0.001" asserts="1" />
                                  <test-case name="PortfolioManager.Model.Test.Portfolios.Transactions.IncomeReceivedOrdinaryShareMultipleParcels.TransactionTestWithExpectedTests.ExpectedParcels" executed="True" result="Success" success="True" time="0.000" asserts="1" />
                                </results>
                              </test-suite>
                              <test-suite type="TestFixture" name="IncomeReceivedOrdinaryShareSingleParcel" description="Income Received of Ordinary share - single parcel" executed="True" result="Success" success="True" time="0.018" asserts="0">
                                <results>
                                  <test-case name="PortfolioManager.Model.Test.Portfolios.Transactions.IncomeReceivedOrdinaryShareSingleParcel.TransactionTestWithExpectedTests.ExpectedCGTEvents" executed="True" result="Success" success="True" time="0.000" asserts="1" />
                                  <test-case name="PortfolioManager.Model.Test.Portfolios.Transactions.IncomeReceivedOrdinaryShareSingleParcel.TransactionTestWithExpectedTests.ExpectedIncome" executed="True" result="Success" success="True" time="0.000" asserts="1" />
                                  <test-case name="PortfolioManager.Model.Test.Portfolios.Transactions.IncomeReceivedOrdinaryShareSingleParcel.TransactionTestWithExpectedTests.ExpectedParcels" executed="True" result="Success" success="True" time="0.000" asserts="1" />
                                </results>
                              </test-suite>
                              <test-suite type="TestFixture" name="IncomeReceivedTrustMultipleParcelsTaxDeferred" description="Income Received of Trust - multiple parcels tax deferred" executed="True" result="Success" success="True" time="0.020" asserts="0">
                                <results>
                                  <test-case name="PortfolioManager.Model.Test.Portfolios.Transactions.IncomeReceivedTrustMultipleParcelsTaxDeferred.TransactionTestWithExpectedTests.ExpectedCGTEvents" executed="True" result="Success" success="True" time="0.000" asserts="1" />
                                  <test-case name="PortfolioManager.Model.Test.Portfolios.Transactions.IncomeReceivedTrustMultipleParcelsTaxDeferred.TransactionTestWithExpectedTests.ExpectedIncome" executed="True" result="Success" success="True" time="0.000" asserts="1" />
                                  <test-case name="PortfolioManager.Model.Test.Portfolios.Transactions.IncomeReceivedTrustMultipleParcelsTaxDeferred.TransactionTestWithExpectedTests.ExpectedParcels" executed="True" result="Success" success="True" time="0.000" asserts="1" />
                                </results>
                              </test-suite>
                              <test-suite type="TestFixture" name="IncomeReceivedTrustMultipleParcelsTaxDeferredGreaterThanCostbase" description="Income Received of Trust - multiple parcels tax deferred greater than cost base for one parcel" executed="True" result="Success" success="True" time="0.019" asserts="0">
                                <results>
                                  <test-case name="PortfolioManager.Model.Test.Portfolios.Transactions.IncomeReceivedTrustMultipleParcelsTaxDeferredGreaterThanCostbase.TransactionTestWithExpectedTests.ExpectedCGTEvents" executed="True" result="Success" success="True" time="0.000" asserts="1" />
                                  <test-case name="PortfolioManager.Model.Test.Portfolios.Transactions.IncomeReceivedTrustMultipleParcelsTaxDeferredGreaterThanCostbase.TransactionTestWithExpectedTests.ExpectedIncome" executed="True" result="Success" success="True" time="0.000" asserts="1" />
                                  <test-case name="PortfolioManager.Model.Test.Portfolios.Transactions.IncomeReceivedTrustMultipleParcelsTaxDeferredGreaterThanCostbase.TransactionTestWithExpectedTests.ExpectedParcels" executed="True" result="Success" success="True" time="0.000" asserts="1" />
                                </results>
                              </test-suite>
                              <test-suite type="TestFixture" name="IncomeReceivedTrustSingleParcelTaxDeferred" description="Income Received of Trust- single parcel tax deferred" executed="True" result="Success" success="True" time="0.018" asserts="0">
                                <results>
                                  <test-case name="PortfolioManager.Model.Test.Portfolios.Transactions.IncomeReceivedTrustSingleParcelTaxDeferred.TransactionTestWithExpectedTests.ExpectedCGTEvents" executed="True" result="Success" success="True" time="0.000" asserts="1" />
                                  <test-case name="PortfolioManager.Model.Test.Portfolios.Transactions.IncomeReceivedTrustSingleParcelTaxDeferred.TransactionTestWithExpectedTests.ExpectedIncome" executed="True" result="Success" success="True" time="0.000" asserts="1" />
                                  <test-case name="PortfolioManager.Model.Test.Portfolios.Transactions.IncomeReceivedTrustSingleParcelTaxDeferred.TransactionTestWithExpectedTests.ExpectedParcels" executed="True" result="Success" success="True" time="0.000" asserts="1" />
                                </results>
                              </test-suite>
                              <test-suite type="TestFixture" name="IncomeReceivedTrustSingleParcelTaxDeferredGreaterThanCostbase" description="Income Received of Trust - single parcel tax deferred greater than cost base" executed="True" result="Success" success="True" time="0.018" asserts="0">
                                <results>
                                  <test-case name="PortfolioManager.Model.Test.Portfolios.Transactions.IncomeReceivedTrustSingleParcelTaxDeferredGreaterThanCostbase.TransactionTestWithExpectedTests.ExpectedCGTEvents" executed="True" result="Success" success="True" time="0.000" asserts="1" />
                                  <test-case name="PortfolioManager.Model.Test.Portfolios.Transactions.IncomeReceivedTrustSingleParcelTaxDeferredGreaterThanCostbase.TransactionTestWithExpectedTests.ExpectedIncome" executed="True" result="Success" success="True" time="0.000" asserts="1" />
                                  <test-case name="PortfolioManager.Model.Test.Portfolios.Transactions.IncomeReceivedTrustSingleParcelTaxDeferredGreaterThanCostbase.TransactionTestWithExpectedTests.ExpectedParcels" executed="True" result="Success" success="True" time="0.000" asserts="1" />
                                </results>
                              </test-suite>
                              <test-suite type="TestFixture" name="IncomeReceivedValidationTests" description="Income Received validation tests" executed="True" result="Success" success="True" time="0.026" asserts="0">
                                <results>
                                  <test-case name="PortfolioManager.Model.Test.Portfolios.Transactions.IncomeReceivedValidationTests.NoParcelsForTransaction" description="Income Received Ordinary share - no parcels" executed="True" result="Success" success="True" time="0.007" asserts="0" />
                                  <test-case name="PortfolioManager.Model.Test.Portfolios.Transactions.IncomeReceivedValidationTests.TransctionNotSupportedForStapledSecurity" description="Income Received of Stapled Security" executed="True" result="Success" success="True" time="0.008" asserts="0" />
                                </results>
                              </test-suite>
                              <test-suite type="TestFixture" name="OpeningBalanceOrdinaryShare" description="Opening balance for ordinary share" executed="True" result="Success" success="True" time="0.020" asserts="0">
                                <results>
                                  <test-case name="PortfolioManager.Model.Test.Portfolios.Transactions.OpeningBalanceOrdinaryShare.TransactionTestWithExpectedTests.ExpectedCGTEvents" executed="True" result="Success" success="True" time="0.000" asserts="1" />
                                  <test-case name="PortfolioManager.Model.Test.Portfolios.Transactions.OpeningBalanceOrdinaryShare.TransactionTestWithExpectedTests.ExpectedIncome" executed="True" result="Success" success="True" time="0.000" asserts="1" />
                                  <test-case name="PortfolioManager.Model.Test.Portfolios.Transactions.OpeningBalanceOrdinaryShare.TransactionTestWithExpectedTests.ExpectedParcels" executed="True" result="Success" success="True" time="0.000" asserts="1" />
                                </results>
                              </test-suite>
                              <test-suite type="TestFixture" name="OpeningBalanceStapledSecurity" description="Opening balance for stapled security" executed="True" result="Success" success="True" time="0.018" asserts="0">
                                <results>
                                  <test-case name="PortfolioManager.Model.Test.Portfolios.Transactions.OpeningBalanceStapledSecurity.TransactionTestWithExpectedTests.ExpectedCGTEvents" executed="True" result="Success" success="True" time="0.000" asserts="1" />
                                  <test-case name="PortfolioManager.Model.Test.Portfolios.Transactions.OpeningBalanceStapledSecurity.TransactionTestWithExpectedTests.ExpectedIncome" executed="True" result="Success" success="True" time="0.000" asserts="1" />
                                  <test-case name="PortfolioManager.Model.Test.Portfolios.Transactions.OpeningBalanceStapledSecurity.TransactionTestWithExpectedTests.ExpectedParcels" executed="True" result="Success" success="True" time="0.000" asserts="1" />
                                </results>
                              </test-suite>
                              <test-suite type="TestFixture" name="OpeningBalanceValidationTests" description="Opening balance validation tests" executed="True" result="Success" success="True" time="0.015" asserts="0">
                                <results>
                                  <test-case name="PortfolioManager.Model.Test.Portfolios.Transactions.OpeningBalanceValidationTests.NotSupportedForChildSecurity" description="Opening balance for child security" executed="True" result="Success" success="True" time="0.007" asserts="0" />
                                </results>
                              </test-suite>
                              <test-suite type="TestFixture" name="ReturnOfCapitalOrdinaryShareGreaterThanCostBase" description="Return of Capital of Ordinary share - greater than cost base" executed="True" result="Success" success="True" time="0.018" asserts="0">
                                <results>
                                  <test-case name="PortfolioManager.Model.Test.Portfolios.Transactions.ReturnOfCapitalOrdinaryShareGreaterThanCostBase.TransactionTestWithExpectedTests.ExpectedCGTEvents" executed="True" result="Success" success="True" time="0.000" asserts="1" />
                                  <test-case name="PortfolioManager.Model.Test.Portfolios.Transactions.ReturnOfCapitalOrdinaryShareGreaterThanCostBase.TransactionTestWithExpectedTests.ExpectedIncome" executed="True" result="Success" success="True" time="0.000" asserts="1" />
                                  <test-case name="PortfolioManager.Model.Test.Portfolios.Transactions.ReturnOfCapitalOrdinaryShareGreaterThanCostBase.TransactionTestWithExpectedTests.ExpectedParcels" executed="True" result="Success" success="True" time="0.000" asserts="1" />
                                </results>
                              </test-suite>
                              <test-suite type="TestFixture" name="ReturnOfCapitalOrdinaryShareMultipleParcels" description="Return of Capital of Ordinary share - multiple parcels" executed="True" result="Success" success="True" time="0.018" asserts="0">
                                <results>
                                  <test-case name="PortfolioManager.Model.Test.Portfolios.Transactions.ReturnOfCapitalOrdinaryShareMultipleParcels.TransactionTestWithExpectedTests.ExpectedCGTEvents" executed="True" result="Success" success="True" time="0.000" asserts="1" />
                                  <test-case name="PortfolioManager.Model.Test.Portfolios.Transactions.ReturnOfCapitalOrdinaryShareMultipleParcels.TransactionTestWithExpectedTests.ExpectedIncome" executed="True" result="Success" success="True" time="0.000" asserts="1" />
                                  <test-case name="PortfolioManager.Model.Test.Portfolios.Transactions.ReturnOfCapitalOrdinaryShareMultipleParcels.TransactionTestWithExpectedTests.ExpectedParcels" executed="True" result="Success" success="True" time="0.000" asserts="1" />
                                </results>
                              </test-suite>
                              <test-suite type="TestFixture" name="ReturnOfCapitalOrdinaryShareMultipleParcelsGreaterThanCostBase" description="Return of Capital of Ordinary share - multiple parcels greater than cost base" executed="True" result="Success" success="True" time="0.020" asserts="0">
                                <results>
                                  <test-case name="PortfolioManager.Model.Test.Portfolios.Transactions.ReturnOfCapitalOrdinaryShareMultipleParcelsGreaterThanCostBase.TransactionTestWithExpectedTests.ExpectedCGTEvents" executed="True" result="Success" success="True" time="0.000" asserts="1" />
                                  <test-case name="PortfolioManager.Model.Test.Portfolios.Transactions.ReturnOfCapitalOrdinaryShareMultipleParcelsGreaterThanCostBase.TransactionTestWithExpectedTests.ExpectedIncome" executed="True" result="Success" success="True" time="0.000" asserts="1" />
                                  <test-case name="PortfolioManager.Model.Test.Portfolios.Transactions.ReturnOfCapitalOrdinaryShareMultipleParcelsGreaterThanCostBase.TransactionTestWithExpectedTests.ExpectedParcels" executed="True" result="Success" success="True" time="0.000" asserts="1" />
                                </results>
                              </test-suite>
                              <test-suite type="TestFixture" name="ReturnOfCapitalOrdinaryShareSingleParcel" description="Return of Capital of Ordinary share - single parcel" executed="True" result="Success" success="True" time="0.017" asserts="0">
                                <results>
                                  <test-case name="PortfolioManager.Model.Test.Portfolios.Transactions.ReturnOfCapitalOrdinaryShareSingleParcel.TransactionTestWithExpectedTests.ExpectedCGTEvents" executed="True" result="Success" success="True" time="0.000" asserts="1" />
                                  <test-case name="PortfolioManager.Model.Test.Portfolios.Transactions.ReturnOfCapitalOrdinaryShareSingleParcel.TransactionTestWithExpectedTests.ExpectedIncome" executed="True" result="Success" success="True" time="0.000" asserts="1" />
                                  <test-case name="PortfolioManager.Model.Test.Portfolios.Transactions.ReturnOfCapitalOrdinaryShareSingleParcel.TransactionTestWithExpectedTests.ExpectedParcels" executed="True" result="Success" success="True" time="0.000" asserts="1" />
                                </results>
                              </test-suite>
                              <test-suite type="TestFixture" name="ReturnOfCapitalValidationTests" description="Return of Capital validation tests" executed="True" result="Success" success="True" time="0.025" asserts="0">
                                <results>
                                  <test-case name="PortfolioManager.Model.Test.Portfolios.Transactions.ReturnOfCapitalValidationTests.NoParcelsForTransaction" description="Return of Capital of Ordinary share - no parcels" executed="True" result="Success" success="True" time="0.007" asserts="0" />
                                  <test-case name="PortfolioManager.Model.Test.Portfolios.Transactions.ReturnOfCapitalValidationTests.TransctionNotSupportedForStapledSecurity" description="Return of Capital of  of Stapled Security" executed="True" result="Success" success="True" time="0.008" asserts="0" />
                                </results>
                              </test-suite>
                            </results>
                          </test-suite>
                        </results>
                      </test-suite>
                      <test-suite type="Namespace" name="Stocks" executed="True" result="Success" success="True" time="0.208" asserts="0">
                        <results>
                          <test-suite type="TestFixture" name="StockManagerTest" executed="True" result="Success" success="True" time="0.046" asserts="0">
                            <results>
                              <test-case name="PortfolioManager.Model.Test.Stocks.StockManagerTest.AddStock1" description="Add Stock(string asxCode, string name)" executed="True" result="Success" success="True" time="0.006" asserts="5" />
                              <test-case name="PortfolioManager.Model.Test.Stocks.StockManagerTest.AddStock2" description="Add Stock(string asxCode, string name, DateTime fromDate)" executed="True" result="Success" success="True" time="0.006" asserts="5" />
                              <test-case name="PortfolioManager.Model.Test.Stocks.StockManagerTest.AddStock3" description="(string asxCode, string name, StockType type)" executed="True" result="Success" success="True" time="0.006" asserts="5" />
                              <test-case name="PortfolioManager.Model.Test.Stocks.StockManagerTest.AddStock4" description="Add Stock(string asxCode, string name, DateTime fromDate, StockType type)" executed="True" result="Success" success="True" time="0.006" asserts="5" />
                              <test-case name="PortfolioManager.Model.Test.Stocks.StockManagerTest.GetStock" description="Get Stock" executed="True" result="Success" success="True" time="0.007" asserts="5" />
                            </results>
                          </test-suite>
                          <test-suite type="TestFixture" name="StockTest" executed="True" result="Success" success="True" time="0.159" asserts="0">
                            <results>
                              <test-case name="PortfolioManager.Model.Test.Stocks.StockTest.AddChildStock" description="Add Child Stock" executed="True" result="Success" success="True" time="0.007" asserts="3" />
                              <test-case name="PortfolioManager.Model.Test.Stocks.StockTest.AddChildStockNonStapled" description="Add Child Stock for a non stapled security" executed="True" result="Success" success="True" time="0.007" asserts="0" />
                              <test-case name="PortfolioManager.Model.Test.Stocks.StockTest.AddRelativeNTA" description="Add Relative NTA" executed="True" result="Success" success="True" time="0.007" asserts="4" />
                              <test-case name="PortfolioManager.Model.Test.Stocks.StockTest.AddRelativeNTANonStapled" description="Add Relative NTA to a non stapled secuity" executed="True" result="Success" success="True" time="0.008" asserts="0" />
                              <test-case name="PortfolioManager.Model.Test.Stocks.StockTest.ChangeASXCode" description="Change ASX Code" executed="True" result="Success" success="True" time="0.006" asserts="7" />
                              <test-case name="PortfolioManager.Model.Test.Stocks.StockTest.DeleteRelativeNTA" description="Delete Relative NTA" executed="True" result="Success" success="True" time="0.007" asserts="5" />
                              <test-case name="PortfolioManager.Model.Test.Stocks.StockTest.DeleteRelativeNTANonStapled" description="Delete Relative NTA from a non stapled secuity" executed="True" result="Success" success="True" time="0.008" asserts="0" />
                              <test-case name="PortfolioManager.Model.Test.Stocks.StockTest.DeleteRelativeNTANotExists" description="Delete Relative NTA that doesn't exist" executed="True" result="Success" success="True" time="0.006" asserts="0" />
                              <test-case name="PortfolioManager.Model.Test.Stocks.StockTest.Delist" description="Delist" executed="True" result="Success" success="True" time="0.006" asserts="2" />
                              <test-case name="PortfolioManager.Model.Test.Stocks.StockTest.GetChildStocksNonStapled" description="Get Child stocks for a non stapled security" executed="True" result="Success" success="True" time="0.006" asserts="1" />
                              <test-case name="PortfolioManager.Model.Test.Stocks.StockTest.GetRelativeNTANonStapled" description="Get Relative NTA for a non stapled secuity" executed="True" result="Success" success="True" time="0.007" asserts="0" />
                              <test-case name="PortfolioManager.Model.Test.Stocks.StockTest.RemoveChildStock" description="Remove Child stock" executed="True" result="Success" success="True" time="0.007" asserts="3" />
                              <test-case name="PortfolioManager.Model.Test.Stocks.StockTest.RemoveChildStockNonStapled" description="Remove Child stock for a non stapled security" executed="True" result="Success" success="True" time="0.008" asserts="0" />
                              <test-case name="PortfolioManager.Model.Test.Stocks.StockTest.RemoveChildStockNotExists" description="Remove Child stock not exists" executed="True" result="Success" success="True" time="0.010" asserts="1" />
                              <test-case name="PortfolioManager.Model.Test.Stocks.StockTest.UpdateRelativeNTA" description="Update a Relative NTA" executed="True" result="Success" success="True" time="0.006" asserts="4" />
                              <test-case name="PortfolioManager.Model.Test.Stocks.StockTest.UpdateRelativeNTANonStapled" description="Update a Relative NTA from a non stapled secuity" executed="True" result="Success" success="True" time="0.007" asserts="0" />
                              <test-case name="PortfolioManager.Model.Test.Stocks.StockTest.UpdateRelativeNTANotExists" description="Update a Relative NTA that doesn't exist" executed="True" result="Success" success="True" time="0.008" asserts="0" />
                            </results>
                          </test-suite>
                        </results>
                      </test-suite>
                      <test-suite type="Namespace" name="Utils" executed="True" result="Success" success="True" time="0.006" asserts="0">
                        <results>
                          <test-suite type="TestFixture" name="MathUtilsTest" executed="True" result="Success" success="True" time="0.005" asserts="0">
                            <results>
                              <test-case name="PortfolioManager.Model.Test.Utils.MathUtilsTest.ApportionAmountComplex" description="ApportionAmmount different values" executed="True" result="Success" success="True" time="0.000" asserts="5" />
                              <test-case name="PortfolioManager.Model.Test.Utils.MathUtilsTest.ApportionAmountSingle" description="ApportionAmmount single value" executed="True" result="Success" success="True" time="0.000" asserts="1" />
                              <test-case name="PortfolioManager.Model.Test.Utils.MathUtilsTest.ApportionAmountThirds" description="ApportionAmmount into thirds" executed="True" result="Success" success="True" time="0.000" asserts="3" />
                            </results>
                          </test-suite>
                        </results>
                      </test-suite>
                    </results>
                  </test-suite>
                </results>
              </test-suite>
            </results>
          </test-suite>
        </results>
      </test-suite>
    </results>
  </test-suite>
</test-results>