<?xml version="1.0" encoding="utf-8" standalone="no"?>
<!--This file represents the results of running a test suite-->
<test-results name="C:\Users\P150EM\Documents\Visual Studio 2013\Projects\PortfolioManager\PortfolioManager.nunit" total="3" errors="0" failures="0" not-run="0" inconclusive="0" ignored="0" skipped="0" invalid="0" date="2015-08-16" time="21:20:15">
  <environment nunit-version="2.6.3.13283" clr-version="2.0.50727.5485" os-version="Microsoft Windows NT 6.1.7601 Service Pack 1" platform="Win32NT" cwd="C:\Windows\system32" machine-name="P150EM-PC" user="P150EM" user-domain="P150EM-PC" />
  <culture-info current-culture="en-AU" current-uiculture="en-US" />
  <test-suite type="Project" name="C:\Users\P150EM\Documents\Visual Studio 2013\Projects\PortfolioManager\PortfolioManager.nunit" executed="True" result="Success" success="True" time="0.830" asserts="0">
    <results>
      <test-suite type="Assembly" name="C:\Users\P150EM\Documents\Visual Studio 2013\Projects\PortfolioManager\PortfolioManager.Model.Test\bin\Debug\PortfolioManager.Model.Test.dll" executed="True" result="Success" success="True" time="0.797" asserts="0">
        <results>
          <test-suite type="Namespace" name="PortfolioManager" executed="True" result="Success" success="True" time="0.797" asserts="0">
            <results>
              <test-suite type="Namespace" name="Model" executed="True" result="Success" success="True" time="0.796" asserts="0">
                <results>
                  <test-suite type="Namespace" name="Test" executed="True" result="Success" success="True" time="0.796" asserts="0">
                    <results>
                      <test-suite type="Namespace" name="Portfolios" executed="True" result="Success" success="True" time="0.795" asserts="0">
                        <results>
                          <test-suite type="Namespace" name="Transactions" executed="True" result="Success" success="True" time="0.795" asserts="0">
                            <results>
                              <test-suite type="TestFixture" name="AquisitionOrdinaryShare" executed="True" result="Success" success="True" time="0.790" asserts="0">
                                <results>
                                  <test-case name="PortfolioManager.Model.Test.Portfolios.Transactions.AquisitionOrdinaryShare.ExpectedCGTEvents" executed="True" result="Success" success="True" time="0.073" asserts="1" />
                                  <test-case name="PortfolioManager.Model.Test.Portfolios.Transactions.AquisitionOrdinaryShare.ExpectedIncome" executed="True" result="Success" success="True" time="0.012" asserts="1" />
                                  <test-case name="PortfolioManager.Model.Test.Portfolios.Transactions.AquisitionOrdinaryShare.ExpectedParcels" executed="True" result="Success" success="True" time="0.015" asserts="1" />
                                </results>
                              </test-suite>
                            </results>
                          </test-suite>
                        </results>
                      </test-suite>
                    </results>
                  </test-suite>
                </results>
              </test-suite>
            </results>
          </test-suite>
        </results>
      </test-suite>
    </results>
  </test-suite>
</test-results>