<?xml version="1.0" encoding="utf-8" standalone="no"?>
<!--This file represents the results of running a test suite-->
<test-results name="C:\Users\Craig\Documents\GitHubVisualStudio\PortfolioManager\PortfolioManager.nunit" total="16" errors="0" failures="0" not-run="0" inconclusive="0" ignored="0" skipped="0" invalid="0" date="2016-02-14" time="13:01:39">
  <environment nunit-version="2.6.4.14350" clr-version="2.0.50727.8669" os-version="Microsoft Windows NT 6.2.9200.0" platform="Win32NT" cwd="C:\Program Files (x86)\NUnit 2.6.4\bin" machine-name="DESKTOP-BD1JTTV" user="Craig" user-domain="DESKTOP-BD1JTTV" />
  <culture-info current-culture="en-AU" current-uiculture="en-GB" />
  <test-suite type="Project" name="C:\Users\Craig\Documents\GitHubVisualStudio\PortfolioManager\PortfolioManager.nunit" executed="True" result="Success" success="True" time="0.168" asserts="0">
    <results>
      <test-suite type="Assembly" name="C:\Users\Craig\Documents\GitHubVisualStudio\PortfolioManager\PortfolioManager.Model.Test\bin\Debug\PortfolioManager.Model.Test.dll" executed="True" result="Success" success="True" time="0.168" asserts="0">
        <results>
          <test-suite type="Namespace" name="PortfolioManager" executed="True" result="Success" success="True" time="0.167" asserts="0">
            <results>
              <test-suite type="Namespace" name="Model" executed="True" result="Success" success="True" time="0.166" asserts="0">
                <results>
                  <test-suite type="Namespace" name="Test" executed="True" result="Success" success="True" time="0.166" asserts="0">
                    <results>
                      <test-suite type="Namespace" name="Portfolios" executed="True" result="Success" success="True" time="0.165" asserts="0">
                        <results>
                          <test-suite type="Namespace" name="CorporateActionHandlers" executed="True" result="Success" success="True" time="0.165" asserts="0">
                            <results>
                              <test-suite type="TestFixture" name="CapitalReturnHandlerTest" description="Capital Return Handler Tests" executed="True" result="Success" success="True" time="0.031" asserts="0">
                                <results>
                                  <test-case name="PortfolioManager.Model.Test.Portfolios.CorporateActionHandlers.CapitalReturnHandlerTest.MultipleParcels" description="Multiple Parcels" executed="True" result="Success" success="True" time="0.008" asserts="1" />
                                  <test-case name="PortfolioManager.Model.Test.Portfolios.CorporateActionHandlers.CapitalReturnHandlerTest.NoParcels" description="No Parcels" executed="True" result="Success" success="True" time="0.004" asserts="1" />
                                  <test-case name="PortfolioManager.Model.Test.Portfolios.CorporateActionHandlers.CapitalReturnHandlerTest.SingleParcel" description="Single Parcel" executed="True" result="Success" success="True" time="0.004" asserts="1" />
                                </results>
                              </test-suite>
                              <test-suite type="TestFixture" name="DividendHandlerTest" description="Dividend Handler Tests" executed="True" result="Success" success="True" time="0.041" asserts="0">
                                <results>
                                  <test-case name="PortfolioManager.Model.Test.Portfolios.CorporateActionHandlers.DividendHandlerTest.MultipleParcelsDRP" description="Multiple Parcels, DRP" executed="True" result="Success" success="True" time="0.011" asserts="1" />
                                  <test-case name="PortfolioManager.Model.Test.Portfolios.CorporateActionHandlers.DividendHandlerTest.MultipleParcelsNoDRP" description="Multiple Parcels, No DRP" executed="True" result="Success" success="True" time="0.005" asserts="1" />
                                  <test-case name="PortfolioManager.Model.Test.Portfolios.CorporateActionHandlers.DividendHandlerTest.NoParcels" description="No Parcels" executed="True" result="Success" success="True" time="0.004" asserts="1" />
                                  <test-case name="PortfolioManager.Model.Test.Portfolios.CorporateActionHandlers.DividendHandlerTest.SingleParcelNoDRP" description="Single Parcel, No DRP" executed="True" result="Success" success="True" time="0.004" asserts="1" />
                                </results>
                              </test-suite>
                              <test-suite type="TestFixture" name="SplitConsolidationHandlerTest" description="Split/Consolidation Handler Tests" executed="True" result="Success" success="True" time="0.028" asserts="0">
                                <results>
                                  <test-case name="PortfolioManager.Model.Test.Portfolios.CorporateActionHandlers.SplitConsolidationHandlerTest.MultipleParcels" description="Multiple Parcels" executed="True" result="Success" success="True" time="0.007" asserts="1" />
                                  <test-case name="PortfolioManager.Model.Test.Portfolios.CorporateActionHandlers.SplitConsolidationHandlerTest.NoParcels" description="No Parcels" executed="True" result="Success" success="True" time="0.004" asserts="1" />
                                  <test-case name="PortfolioManager.Model.Test.Portfolios.CorporateActionHandlers.SplitConsolidationHandlerTest.SingleParcel" description="Single Parcel" executed="True" result="Success" success="True" time="0.004" asserts="1" />
                                </results>
                              </test-suite>
                              <test-suite type="TestFixture" name="TransformationHandlerTest" description="Transformation Handler Tests" executed="True" result="Success" success="True" time="0.052" asserts="0">
                                <results>
                                  <test-case name="PortfolioManager.Model.Test.Portfolios.CorporateActionHandlers.TransformationHandlerTest.MultipleParcelsNoRolloverDisposalOfOriginalStock" description="Multiple Parcels, Rollover, Disposal of original stock" executed="True" result="Success" success="True" time="0.005" asserts="1" />
                                  <test-case name="PortfolioManager.Model.Test.Portfolios.CorporateActionHandlers.TransformationHandlerTest.MultipleParcelsNoRolloverMultipleResultStocks" description="Multiple Parcels, No Rollover, Multiple result stocks" executed="True" result="Success" success="True" time="0.004" asserts="1" />
                                  <test-case name="PortfolioManager.Model.Test.Portfolios.CorporateActionHandlers.TransformationHandlerTest.MultipleParcelsRolloverDisposalOfOriginalStock" description="Multiple Parcels, Rollover, Disposal of original stock" executed="True" result="Success" success="True" time="0.004" asserts="1" />
                                  <test-case name="PortfolioManager.Model.Test.Portfolios.CorporateActionHandlers.TransformationHandlerTest.MultipleParcelsRolloverMultipleResultStocks" description="Multiple Parcels, Rollover, multiple result stocks" executed="True" result="Success" success="True" time="0.005" asserts="1" />
                                  <test-case name="PortfolioManager.Model.Test.Portfolios.CorporateActionHandlers.TransformationHandlerTest.NoParcels" description="No Parcels" executed="True" result="Success" success="True" time="0.003" asserts="1" />
                                  <test-case name="PortfolioManager.Model.Test.Portfolios.CorporateActionHandlers.TransformationHandlerTest.SingleParcel" description="Single Parcel" executed="True" result="Success" success="True" time="0.004" asserts="1" />
                                </results>
                              </test-suite>
                            </results>
                          </test-suite>
                        </results>
                      </test-suite>
                    </results>
                  </test-suite>
                </results>
              </test-suite>
            </results>
          </test-suite>
        </results>
      </test-suite>
    </results>
  </test-suite>
</test-results>