<?xml version="1.0" encoding="utf-8" standalone="no"?>
<!--This file represents the results of running a test suite-->
<test-results name="C:\Users\Craig\Documents\GitHubVisualStudio\PortfolioManager\PortfolioManager.nunit" total="1" errors="0" failures="1" not-run="0" inconclusive="0" ignored="0" skipped="0" invalid="0" date="2016-05-22" time="16:25:07">
  <environment nunit-version="2.6.4.14350" clr-version="2.0.50727.8689" os-version="Microsoft Windows NT 6.2.9200.0" platform="Win32NT" cwd="C:\Program Files (x86)\NUnit 2.6.4\bin" machine-name="DESKTOP-BD1JTTV" user="Craig" user-domain="DESKTOP-BD1JTTV" />
  <culture-info current-culture="en-AU" current-uiculture="en-GB" />
  <test-suite type="Project" name="C:\Users\Craig\Documents\GitHubVisualStudio\PortfolioManager\PortfolioManager.nunit" executed="True" result="Failure" success="False" time="0.016" asserts="0">
    <results>
      <test-suite type="Assembly" name="C:\Users\Craig\Documents\GitHubVisualStudio\PortfolioManager\PortfolioManager.Service.Test\bin\Debug\PortfolioManager.Service.Test.dll" executed="True" result="Failure" success="False" time="0.013" asserts="0">
        <results>
          <test-suite type="Namespace" name="PortfolioManager" executed="True" result="Failure" success="False" time="0.012" asserts="0">
            <results>
              <test-suite type="Namespace" name="Service" executed="True" result="Failure" success="False" time="0.012" asserts="0">
                <results>
                  <test-suite type="Namespace" name="Test" executed="True" result="Failure" success="False" time="0.011" asserts="0">
                    <results>
                      <test-suite type="Namespace" name="Transactions" executed="True" result="Failure" success="False" time="0.011" asserts="0">
                        <results>
                          <test-suite type="TestFixture" name="DisposalOrdinaryShareMultipleParcelsSellAll" description="Disposal of Ordinary Share - multiple parcels, sell all" executed="True" result="Error" success="False" time="0.010" asserts="0">
                            <failure>
                              <message><![CDATA[SetUp : System.MissingMethodException : Method not found: 'Void PortfolioManager.Model.Portfolios.CGTEvent..ctor(System.Guid, System.DateTime, Int32, System.Decimal, System.Decimal)'.]]></message>
                              <stack-trace><![CDATA[at PortfolioManager.Service.Test.Transactions.DisposalOrdinaryShareMultipleParcelsSellAll.PerformTest()
]]></stack-trace>
                            </failure>
                            <results>
                              <test-case name="PortfolioManager.Service.Test.Transactions.DisposalOrdinaryShareMultipleParcelsSellAll.TransactionTestWithExpectedTests.ExpectedIncome" executed="True" result="Failure" success="False" time="0.000" asserts="0">
                                <failure>
                                  <message><![CDATA[TestFixtureSetUp failed in DisposalOrdinaryShareMultipleParcelsSellAll]]></message>
                                  <stack-trace />
                                </failure>
                              </test-case>
                            </results>
                          </test-suite>
                        </results>
                      </test-suite>
                    </results>
                  </test-suite>
                </results>
              </test-suite>
            </results>
          </test-suite>
        </results>
      </test-suite>
    </results>
  </test-suite>
</test-results>