<?xml version="1.0" encoding="utf-8" standalone="no"?>
<!--This file represents the results of running a test suite-->
<test-results name="C:\Users\craigb\Documents\GitHub\PortfolioManager\PortfolioManager.nunit" total="3" errors="0" failures="0" not-run="0" inconclusive="0" ignored="0" skipped="0" invalid="0" date="2015-10-08" time="17:22:00">
  <environment nunit-version="2.6.3.13283" clr-version="2.0.50727.5485" os-version="Microsoft Windows NT 6.1.7601 Service Pack 1" platform="Win32NT" cwd="C:\Program Files\NUnit 2.6.3\bin" machine-name="ADL-D-CST-7607" user="CraigB" user-domain="NELLER" />
  <culture-info current-culture="en-AU" current-uiculture="en-US" />
  <test-suite type="Project" name="C:\Users\craigb\Documents\GitHub\PortfolioManager\PortfolioManager.nunit" executed="True" result="Success" success="True" time="1.171" asserts="0">
    <results>
      <test-suite type="Assembly" name="C:\Users\craigb\Documents\GitHub\PortfolioManager\PortfolioManager.Model.Test\bin\Debug\PortfolioManager.Model.Test.dll" executed="True" result="Success" success="True" time="1.166" asserts="0">
        <results>
          <test-suite type="Namespace" name="PortfolioManager" executed="True" result="Success" success="True" time="1.166" asserts="0">
            <results>
              <test-suite type="Namespace" name="Model" executed="True" result="Success" success="True" time="1.166" asserts="0">
                <results>
                  <test-suite type="Namespace" name="Test" executed="True" result="Success" success="True" time="1.165" asserts="0">
                    <results>
                      <test-suite type="Namespace" name="Portfolios" executed="True" result="Success" success="True" time="1.165" asserts="0">
                        <results>
                          <test-suite type="Namespace" name="Transactions" executed="True" result="Success" success="True" time="1.165" asserts="0">
                            <results>
                              <test-suite type="TestFixture" name="CostBaseAdjustmentChildSecuritySingleParcels" description="Cost base adjustment of Child security - single parcels" executed="True" result="Success" success="True" time="1.164" asserts="0">
                                <results>
                                  <test-case name="PortfolioManager.Model.Test.Portfolios.Transactions.CostBaseAdjustmentChildSecuritySingleParcels.TransactionTestWithExpectedTests.ExpectedCGTEvents" executed="True" result="Success" success="True" time="0.015" asserts="1" />
                                  <test-case name="PortfolioManager.Model.Test.Portfolios.Transactions.CostBaseAdjustmentChildSecuritySingleParcels.TransactionTestWithExpectedTests.ExpectedIncome" executed="True" result="Success" success="True" time="0.001" asserts="1" />
                                  <test-case name="PortfolioManager.Model.Test.Portfolios.Transactions.CostBaseAdjustmentChildSecuritySingleParcels.TransactionTestWithExpectedTests.ExpectedParcels" executed="True" result="Success" success="True" time="0.003" asserts="1" />
                                </results>
                              </test-suite>
                            </results>
                          </test-suite>
                        </results>
                      </test-suite>
                    </results>
                  </test-suite>
                </results>
              </test-suite>
            </results>
          </test-suite>
        </results>
      </test-suite>
    </results>
  </test-suite>
</test-results>