<?xml version="1.0" encoding="utf-8" standalone="no"?>
<!--This file represents the results of running a test suite-->
<test-results name="C:\Users\Craig\Documents\GitHubVisualStudio\PortfolioManager\PortfolioManager.nunit" total="1" errors="1" failures="0" not-run="0" inconclusive="0" ignored="0" skipped="0" invalid="0" date="2015-12-25" time="12:10:25">
  <environment nunit-version="2.6.4.14350" clr-version="2.0.50727.8669" os-version="Microsoft Windows NT 6.2.9200.0" platform="Win32NT" cwd="C:\Program Files (x86)\NUnit 2.6.4\bin" machine-name="DESKTOP-BD1JTTV" user="Craig" user-domain="DESKTOP-BD1JTTV" />
  <culture-info current-culture="en-AU" current-uiculture="en-GB" />
  <test-suite type="Project" name="C:\Users\Craig\Documents\GitHubVisualStudio\PortfolioManager\PortfolioManager.nunit" executed="True" result="Failure" success="False" time="0.009" asserts="0">
    <results>
      <test-suite type="Assembly" name="C:\Users\Craig\Documents\GitHubVisualStudio\PortfolioManager\PortfolioManager.Data.Test\bin\Debug\PortfolioManager.Data.Test.dll" executed="True" result="Failure" success="False" time="0.008" asserts="0">
        <results>
          <test-suite type="Namespace" name="PortfolioManager" executed="True" result="Failure" success="False" time="0.008" asserts="0">
            <results>
              <test-suite type="Namespace" name="Data" executed="True" result="Failure" success="False" time="0.007" asserts="0">
                <results>
                  <test-suite type="Namespace" name="Test" executed="True" result="Failure" success="False" time="0.007" asserts="0">
                    <results>
                      <test-suite type="Namespace" name="Portfolio" executed="True" result="Failure" success="False" time="0.006" asserts="0">
                        <results>
                          <test-suite type="Namespace" name="Transactions" executed="True" result="Failure" success="False" time="0.006" asserts="0">
                            <results>
                              <test-suite type="TestFixture" name="AquisitionRepositoryTest" executed="True" result="Failure" success="False" time="0.005" asserts="0">
                                <results>
                                  <test-case name="PortfolioManager.Data.Test.Portfolio.Transactions.AquisitionRepositoryTest.Add" description="Test adding an Aquisition" executed="True" result="Error" success="False" time="0.003" asserts="0">
                                    <failure>
                                      <message><![CDATA[System.ArgumentException : The path is not of a legal form.]]></message>
                                      <stack-trace><![CDATA[at System.IO.Path.NormalizePath(String path, Boolean fullCheck, Int32 maxPathLength, Boolean expandShortPaths)
at System.IO.Path.GetFullPathInternal(String path)
at System.Data.SQLite.SQLiteConnection.ExpandFileName(String sourceFile, Boolean toFullPath)
at System.Data.SQLite.SQLiteConnection.Open()
at PortfolioManager.Data.SQLite.SQLiteDatabase..ctor(String fileName) in C:\Users\Craig\Documents\GitHubVisualStudio\PortfolioManager\PortfolioManager.Data.SQLite\SQLiteDatabase.cs:line 30
at PortfolioManager.Data.SQLite.Portfolios.SQLitePortfolioDatabase..ctor(String fileName) in C:\Users\Craig\Documents\GitHubVisualStudio\PortfolioManager\PortfolioManager.Data.SQLite\Portfolios\SQLitePortfolioDatabase.cs:line 28
at PortfolioManager.Data.Test.TestBase.CreatePortfolioDatabase() in C:\Users\Craig\Documents\GitHubVisualStudio\PortfolioManager\PortfolioManager.Data.Test\TestBase.cs:line 24
at PortfolioManager.Data.Test.Portfolio.Transactions.TransactionRepositoryTest.TestAdd(ITransaction transaction, TransactionComparer comparer) in C:\Users\Craig\Documents\GitHubVisualStudio\PortfolioManager\PortfolioManager.Data.Test\Portfolio\Transactions\TransactionRepositoryTest.cs:line 19
at PortfolioManager.Data.Test.Portfolio.Transactions.AquisitionRepositoryTest.Add() in C:\Users\Craig\Documents\GitHubVisualStudio\PortfolioManager\PortfolioManager.Data.Test\Portfolio\Transactions\AquisitionRepositoryTest.cs:line 29
]]></stack-trace>
                                    </failure>
                                  </test-case>
                                </results>
                              </test-suite>
                            </results>
                          </test-suite>
                        </results>
                      </test-suite>
                    </results>
                  </test-suite>
                </results>
              </test-suite>
            </results>
          </test-suite>
        </results>
      </test-suite>
    </results>
  </test-suite>
</test-results>