<?xml version="1.0" encoding="utf-8" standalone="no"?>
<!--This file represents the results of running a test suite-->
<test-results name="C:\Users\Craig\Documents\GitHubVisualStudio\PortfolioManager\PortfolioManager.nunit" total="4" errors="1" failures="1" not-run="0" inconclusive="0" ignored="0" skipped="0" invalid="0" date="2016-01-13" time="20:31:50">
  <environment nunit-version="2.6.4.14350" clr-version="2.0.50727.8669" os-version="Microsoft Windows NT 6.2.9200.0" platform="Win32NT" cwd="C:\Program Files (x86)\NUnit 2.6.4\bin" machine-name="DESKTOP-BD1JTTV" user="Craig" user-domain="DESKTOP-BD1JTTV" />
  <culture-info current-culture="en-AU" current-uiculture="en-GB" />
  <test-suite type="Project" name="C:\Users\Craig\Documents\GitHubVisualStudio\PortfolioManager\PortfolioManager.nunit" executed="True" result="Failure" success="False" time="0.357" asserts="0">
    <results>
      <test-suite type="Assembly" name="C:\Users\Craig\Documents\GitHubVisualStudio\PortfolioManager\PortfolioManager.Data.Test\bin\Debug\PortfolioManager.Data.Test.dll" executed="True" result="Failure" success="False" time="0.348" asserts="0">
        <results>
          <test-suite type="Namespace" name="PortfolioManager" executed="True" result="Failure" success="False" time="0.348" asserts="0">
            <results>
              <test-suite type="Namespace" name="Data" executed="True" result="Failure" success="False" time="0.347" asserts="0">
                <results>
                  <test-suite type="Namespace" name="Test" executed="True" result="Failure" success="False" time="0.346" asserts="0">
                    <results>
                      <test-suite type="Namespace" name="Stocks" executed="True" result="Failure" success="False" time="0.346" asserts="0">
                        <results>
                          <test-suite type="TestFixture" name="SplitConsolidationCorporateActionRepositoryTest" executed="True" result="Failure" success="False" time="0.344" asserts="0">
                            <results>
                              <test-case name="PortfolioManager.Data.Test.Stocks.SplitConsolidationCorporateActionRepositoryTest.AddSplitConsolidation" description="Test adding a SplitConsolidation" executed="True" result="Failure" success="False" time="0.049" asserts="1">
                                <failure>
                                  <message><![CDATA[  Expected: <PortfolioManager.Model.Stocks.SplitConsolidation>
  But was:  null
]]></message>
                                  <stack-trace><![CDATA[at PortfolioManager.Data.Test.Stocks.SplitConsolidationCorporateActionRepositoryTest.AddSplitConsolidation() in C:\Users\Craig\Documents\GitHubVisualStudio\PortfolioManager\PortfolioManager.Data.Test\Stocks\SplitConsolidationCorporateActionRepositoryTest.cs:line 26
]]></stack-trace>
                                </failure>
                              </test-case>
                              <test-case name="PortfolioManager.Data.Test.Stocks.SplitConsolidationCorporateActionRepositoryTest.CorporateActionRepositoryTest.GetNotExists" description="Test Get() for a corporate action that doesn't exist" executed="True" result="Success" success="True" time="0.018" asserts="0" />
                              <test-case name="PortfolioManager.Data.Test.Stocks.SplitConsolidationCorporateActionRepositoryTest.DeleteSplitConsolidation" description="Test Delete() for a SplitConsolidation" executed="True" result="Success" success="True" time="0.005" asserts="0" />
                              <test-case name="PortfolioManager.Data.Test.Stocks.SplitConsolidationCorporateActionRepositoryTest.UpdateSplitConsolidation" description="Test Update() for a SplitConsolidation" executed="True" result="Error" success="False" time="0.004" asserts="0">
                                <failure>
                                  <message><![CDATA[System.NullReferenceException : Object reference not set to an instance of an object.]]></message>
                                  <stack-trace><![CDATA[at PortfolioManager.Data.Test.Stocks.SplitConsolidationCorporateActionRepositoryTest.UpdateSplitConsolidation() in C:\Users\Craig\Documents\GitHubVisualStudio\PortfolioManager\PortfolioManager.Data.Test\Stocks\SplitConsolidationCorporateActionRepositoryTest.cs:line 42
]]></stack-trace>
                                </failure>
                              </test-case>
                            </results>
                          </test-suite>
                        </results>
                      </test-suite>
                    </results>
                  </test-suite>
                </results>
              </test-suite>
            </results>
          </test-suite>
        </results>
      </test-suite>
    </results>
  </test-suite>
</test-results>